2023-11-16T02:41:47+00:00 CRITICAL Uncaught TypeError: Unsupported operand types: string - int in /Applications/XAMPP/xamppfiles/htdocs/onlinestore/wp-content/themes/woodmart/inc/classes/Themesettingscss.php:348
Stack trace:
#0 /Applications/XAMPP/xamppfiles/htdocs/onlinestore/wp-content/themes/woodmart/inc/classes/Themesettingscss.php(42): WOODMART_Themesettingscss->get_theme_settings_css()
#1 /Applications/XAMPP/xamppfiles/htdocs/onlinestore/wp-content/themes/woodmart/inc/classes/Themesettingscss.php(83): WOODMART_Themesettingscss->get_all_css()
#2 /Applications/XAMPP/xamppfiles/htdocs/onlinestore/wp-includes/class-wp-hook.php(324): WOODMART_Themesettingscss->write_file('')
#3 /Applications/XAMPP/xamppfiles/htdocs/onlinestore/wp-includes/class-wp-hook.php(348): WP_Hook->apply_filters(NULL, Array)
#4 /Applications/XAMPP/xamppfiles/htdocs/onlinestore/wp-includes/plugin.php(517): WP_Hook->do_action(Array)
#5 /Applications/XAMPP/xamppfiles/htdocs/onlinestore/wp-content/themes/woodmart/inc/options/class-page.php(187): do_action('xts_before_them...')
#6 /Applications/XAMPP/xamppfiles/htdocs/onlinestore/wp-includes/class-wp-hook.php(324): XTS\Page->page_content('')
#7 /Applications/XAMPP/xamppfiles/htdocs/onlinestore/wp-includes/class-wp-hook.php(348): WP_Hook->apply_filters('', Array)
#8 /Applications/XAMPP/xamppfiles/htdocs/onlinestore/wp-includes/plugin.php(517): WP_Hook->do_action(Array)
#9 /Applications/XAMPP/xamppfiles/htdocs/onlinestore/wp-admin/admin.php(259): do_action('toplevel_page_x...')
#10 {main}
  thrown in /Applications/XAMPP/xamppfiles/htdocs/onlinestore/wp-content/themes/woodmart/inc/classes/Themesettingscss.php on line 348

2023-11-16T02:50:09+00:00 CRITICAL Uncaught TypeError: Unsupported operand types: string - int in /Applications/XAMPP/xamppfiles/htdocs/onlinestore/wp-content/themes/woodmart/inc/classes/Themesettingscss.php:348
Stack trace:
#0 /Applications/XAMPP/xamppfiles/htdocs/onlinestore/wp-content/themes/woodmart/inc/classes/Themesettingscss.php(42): WOODMART_Themesettingscss->get_theme_settings_css()
#1 /Applications/XAMPP/xamppfiles/htdocs/onlinestore/wp-content/themes/woodmart/inc/classes/Themesettingscss.php(83): WOODMART_Themesettingscss->get_all_css()
#2 /Applications/XAMPP/xamppfiles/htdocs/onlinestore/wp-includes/class-wp-hook.php(324): WOODMART_Themesettingscss->write_file('')
#3 /Applications/XAMPP/xamppfiles/htdocs/onlinestore/wp-includes/class-wp-hook.php(348): WP_Hook->apply_filters(NULL, Array)
#4 /Applications/XAMPP/xamppfiles/htdocs/onlinestore/wp-includes/plugin.php(517): WP_Hook->do_action(Array)
#5 /Applications/XAMPP/xamppfiles/htdocs/onlinestore/wp-content/themes/woodmart/inc/options/class-page.php(187): do_action('xts_before_them...')
#6 /Applications/XAMPP/xamppfiles/htdocs/onlinestore/wp-includes/class-wp-hook.php(324): XTS\Page->page_content('')
#7 /Applications/XAMPP/xamppfiles/htdocs/onlinestore/wp-includes/class-wp-hook.php(348): WP_Hook->apply_filters('', Array)
#8 /Applications/XAMPP/xamppfiles/htdocs/onlinestore/wp-includes/plugin.php(517): WP_Hook->do_action(Array)
#9 /Applications/XAMPP/xamppfiles/htdocs/onlinestore/wp-admin/admin.php(259): do_action('toplevel_page_x...')
#10 {main}
  thrown in /Applications/XAMPP/xamppfiles/htdocs/onlinestore/wp-content/themes/woodmart/inc/classes/Themesettingscss.php on line 348

2023-11-16T02:50:14+00:00 CRITICAL Uncaught TypeError: Unsupported operand types: string - int in /Applications/XAMPP/xamppfiles/htdocs/onlinestore/wp-content/themes/woodmart/inc/classes/Themesettingscss.php:348
Stack trace:
#0 /Applications/XAMPP/xamppfiles/htdocs/onlinestore/wp-content/themes/woodmart/inc/classes/Themesettingscss.php(42): WOODMART_Themesettingscss->get_theme_settings_css()
#1 /Applications/XAMPP/xamppfiles/htdocs/onlinestore/wp-content/themes/woodmart/inc/classes/Themesettingscss.php(83): WOODMART_Themesettingscss->get_all_css()
#2 /Applications/XAMPP/xamppfiles/htdocs/onlinestore/wp-includes/class-wp-hook.php(324): WOODMART_Themesettingscss->write_file('')
#3 /Applications/XAMPP/xamppfiles/htdocs/onlinestore/wp-includes/class-wp-hook.php(348): WP_Hook->apply_filters(NULL, Array)
#4 /Applications/XAMPP/xamppfiles/htdocs/onlinestore/wp-includes/plugin.php(517): WP_Hook->do_action(Array)
#5 /Applications/XAMPP/xamppfiles/htdocs/onlinestore/wp-content/themes/woodmart/inc/options/class-page.php(187): do_action('xts_before_them...')
#6 /Applications/XAMPP/xamppfiles/htdocs/onlinestore/wp-includes/class-wp-hook.php(324): XTS\Page->page_content('')
#7 /Applications/XAMPP/xamppfiles/htdocs/onlinestore/wp-includes/class-wp-hook.php(348): WP_Hook->apply_filters('', Array)
#8 /Applications/XAMPP/xamppfiles/htdocs/onlinestore/wp-includes/plugin.php(517): WP_Hook->do_action(Array)
#9 /Applications/XAMPP/xamppfiles/htdocs/onlinestore/wp-admin/admin.php(259): do_action('toplevel_page_x...')
#10 {main}
  thrown in /Applications/XAMPP/xamppfiles/htdocs/onlinestore/wp-content/themes/woodmart/inc/classes/Themesettingscss.php on line 348

2023-11-16T02:50:20+00:00 CRITICAL Uncaught TypeError: Unsupported operand types: string - int in /Applications/XAMPP/xamppfiles/htdocs/onlinestore/wp-content/themes/woodmart/inc/classes/Themesettingscss.php:348
Stack trace:
#0 /Applications/XAMPP/xamppfiles/htdocs/onlinestore/wp-content/themes/woodmart/inc/classes/Themesettingscss.php(42): WOODMART_Themesettingscss->get_theme_settings_css()
#1 /Applications/XAMPP/xamppfiles/htdocs/onlinestore/wp-content/themes/woodmart/inc/classes/Themesettingscss.php(83): WOODMART_Themesettingscss->get_all_css()
#2 /Applications/XAMPP/xamppfiles/htdocs/onlinestore/wp-includes/class-wp-hook.php(324): WOODMART_Themesettingscss->write_file('')
#3 /Applications/XAMPP/xamppfiles/htdocs/onlinestore/wp-includes/class-wp-hook.php(348): WP_Hook->apply_filters(NULL, Array)
#4 /Applications/XAMPP/xamppfiles/htdocs/onlinestore/wp-includes/plugin.php(517): WP_Hook->do_action(Array)
#5 /Applications/XAMPP/xamppfiles/htdocs/onlinestore/wp-content/themes/woodmart/inc/options/class-page.php(187): do_action('xts_before_them...')
#6 /Applications/XAMPP/xamppfiles/htdocs/onlinestore/wp-includes/class-wp-hook.php(324): XTS\Page->page_content('')
#7 /Applications/XAMPP/xamppfiles/htdocs/onlinestore/wp-includes/class-wp-hook.php(348): WP_Hook->apply_filters('', Array)
#8 /Applications/XAMPP/xamppfiles/htdocs/onlinestore/wp-includes/plugin.php(517): WP_Hook->do_action(Array)
#9 /Applications/XAMPP/xamppfiles/htdocs/onlinestore/wp-admin/admin.php(259): do_action('toplevel_page_x...')
#10 {main}
  thrown in /Applications/XAMPP/xamppfiles/htdocs/onlinestore/wp-content/themes/woodmart/inc/classes/Themesettingscss.php on line 348

2023-11-16T02:59:18+00:00 CRITICAL Uncaught TypeError: Unsupported operand types: string - int in /Applications/XAMPP/xamppfiles/htdocs/onlinestore/wp-content/themes/woodmart/inc/classes/Themesettingscss.php:348
Stack trace:
#0 /Applications/XAMPP/xamppfiles/htdocs/onlinestore/wp-content/themes/woodmart/inc/classes/Themesettingscss.php(42): WOODMART_Themesettingscss->get_theme_settings_css()
#1 /Applications/XAMPP/xamppfiles/htdocs/onlinestore/wp-content/themes/woodmart/inc/classes/Themesettingscss.php(83): WOODMART_Themesettingscss->get_all_css()
#2 /Applications/XAMPP/xamppfiles/htdocs/onlinestore/wp-includes/class-wp-hook.php(324): WOODMART_Themesettingscss->write_file('')
#3 /Applications/XAMPP/xamppfiles/htdocs/onlinestore/wp-includes/class-wp-hook.php(348): WP_Hook->apply_filters(NULL, Array)
#4 /Applications/XAMPP/xamppfiles/htdocs/onlinestore/wp-includes/plugin.php(517): WP_Hook->do_action(Array)
#5 /Applications/XAMPP/xamppfiles/htdocs/onlinestore/wp-content/themes/woodmart/inc/options/class-page.php(187): do_action('xts_before_them...')
#6 /Applications/XAMPP/xamppfiles/htdocs/onlinestore/wp-includes/class-wp-hook.php(324): XTS\Page->page_content('')
#7 /Applications/XAMPP/xamppfiles/htdocs/onlinestore/wp-includes/class-wp-hook.php(348): WP_Hook->apply_filters('', Array)
#8 /Applications/XAMPP/xamppfiles/htdocs/onlinestore/wp-includes/plugin.php(517): WP_Hook->do_action(Array)
#9 /Applications/XAMPP/xamppfiles/htdocs/onlinestore/wp-admin/admin.php(259): do_action('toplevel_page_x...')
#10 {main}
  thrown in /Applications/XAMPP/xamppfiles/htdocs/onlinestore/wp-content/themes/woodmart/inc/classes/Themesettingscss.php on line 348

